Array
(
    [titre] => sdf
    [niveau] => Lecence I
)

Array
(
    [titre] => sdf
    [niveau] => Lecence I
)

Array
(
    [titre] => sdf
    [niveau] => Lecence I
)

Array
(
    [titre] => sdf
    [niveau] => Lecence I
)

Array
(
    [titre] => sdf
    [niveau] => Lecence I
)

Array
(
    [titre] => sdf
    [niveau] => Lecence I
)

Array
(
    [titre] => sdf
    [niveau] => Lecence I
)

Array
(
    [titre] => sdf
    [niveau] => Lecence I
)

Array
(
    [titre] => Série de fourier
    [niveau] => Licence I
)

Niveau enregistré: Licence I
Array
(
    [titre] => dgfd
    [niveau] => Licence II
)

Niveau enregistré: Licence II
Array
(
    [titre] => treter
    [niveau] => Licence I
)

Niveau enregistré: Licence I
Array
(
    [titre] => vacance
    [niveau] => Licence I
)

Niveau enregistré: Licence I
Array
(
    [titre] => rteyt
    [niveau] => Licence I
)

Niveau enregistré: Licence I
Array
(
)

Array
(
    [titre] => vacance
    [niveau] => L1
)

Array
(
)

Array
(
    [titre] => vacance
    [niveau] => Licence I
)

